[0.746s] Invoking command in '/home/remin/Desktop/ros2_assignment-afp/src/hello_world': PYTHONPATH=/home/remin/Desktop/ros2_assignment-afp/build/hello_world/prefix_override:/usr/lib/python3/dist-packages/colcon_core/task/python/colcon_distutils_commands:/home/remin/Desktop/ros2_assignment-afp/install/hello_world/lib/python3.10/site-packages:${PYTHONPATH} /usr/bin/python3 -W ignore:setup.py install is deprecated -W ignore:easy_install command is deprecated setup.py egg_info --egg-base ../../build/hello_world build --build-base /home/remin/Desktop/ros2_assignment-afp/build/hello_world/build install --record /home/remin/Desktop/ros2_assignment-afp/build/hello_world/install.log --single-version-externally-managed install_data
[0.853s] running egg_info
[0.853s] writing ../../build/hello_world/hello_world.egg-info/PKG-INFO
[0.861s] writing dependency_links to ../../build/hello_world/hello_world.egg-info/dependency_links.txt
[0.885s] writing entry points to ../../build/hello_world/hello_world.egg-info/entry_points.txt
[0.890s] writing requirements to ../../build/hello_world/hello_world.egg-info/requires.txt
[0.891s] writing top-level names to ../../build/hello_world/hello_world.egg-info/top_level.txt
[0.897s] reading manifest file '../../build/hello_world/hello_world.egg-info/SOURCES.txt'
[0.957s] writing manifest file '../../build/hello_world/hello_world.egg-info/SOURCES.txt'
[0.995s] running build
[0.995s] running build_py
[0.995s] copying hello_world/sub.py -> /home/remin/Desktop/ros2_assignment-afp/build/hello_world/build/lib/hello_world
[0.995s] running install
[0.995s] running install_lib
[0.996s] copying /home/remin/Desktop/ros2_assignment-afp/build/hello_world/build/lib/hello_world/sub.py -> /home/remin/Desktop/ros2_assignment-afp/install/hello_world/lib/python3.10/site-packages/hello_world
[0.996s] byte-compiling /home/remin/Desktop/ros2_assignment-afp/install/hello_world/lib/python3.10/site-packages/hello_world/sub.py to sub.cpython-310.pyc
[1.000s] running install_data
[1.000s] running install_egg_info
[1.001s] removing '/home/remin/Desktop/ros2_assignment-afp/install/hello_world/lib/python3.10/site-packages/hello_world-0.0.0-py3.10.egg-info' (and everything under it)
[1.002s] Copying ../../build/hello_world/hello_world.egg-info to /home/remin/Desktop/ros2_assignment-afp/install/hello_world/lib/python3.10/site-packages/hello_world-0.0.0-py3.10.egg-info
[1.002s] running install_scripts
[1.013s] Installing pulisher script to /home/remin/Desktop/ros2_assignment-afp/install/hello_world/lib/hello_world
[1.061s] Installing subscriber script to /home/remin/Desktop/ros2_assignment-afp/install/hello_world/lib/hello_world
[1.062s] writing list of installed files to '/home/remin/Desktop/ros2_assignment-afp/build/hello_world/install.log'
[1.151s] Invoked command in '/home/remin/Desktop/ros2_assignment-afp/src/hello_world' returned '0': PYTHONPATH=/home/remin/Desktop/ros2_assignment-afp/build/hello_world/prefix_override:/usr/lib/python3/dist-packages/colcon_core/task/python/colcon_distutils_commands:/home/remin/Desktop/ros2_assignment-afp/install/hello_world/lib/python3.10/site-packages:${PYTHONPATH} /usr/bin/python3 -W ignore:setup.py install is deprecated -W ignore:easy_install command is deprecated setup.py egg_info --egg-base ../../build/hello_world build --build-base /home/remin/Desktop/ros2_assignment-afp/build/hello_world/build install --record /home/remin/Desktop/ros2_assignment-afp/build/hello_world/install.log --single-version-externally-managed install_data
